#
# A fatal error has been detected by the Java Runtime Environment:
#
#  Internal Error (sharedRuntime.cpp:532), pid=89201, tid=6147
#  Error: ShouldNotReachHere()
#
# JRE version: OpenJDK Runtime Environment Zulu16.28+11-CA (16.0+36) (build 16+36)
# Java VM: OpenJDK 64-Bit Server VM Zulu16.28+11-CA (16+36, mixed mode, tiered, compressed oops, g1 gc, bsd-aarch64)
# No core dump will be written. Core dumps have been disabled. To enable core dumping, try "ulimit -c unlimited" before starting Java again
#
# If you would like to submit a bug report, please visit:
#   http://www.azulsystems.com/support/
#

---------------  S U M M A R Y ------------

Command Line: -XX:TieredStopAtLevel=1 -Xverify:none -Dspring.output.ansi.enabled=always -javaagent:/Applications/IntelliJ IDEA.app/Contents/lib/idea_rt.jar=59160:/Applications/IntelliJ IDEA.app/Contents/bin -Dcom.sun.management.jmxremote -Dspring.jmx.enabled=true -Dspring.liveBeansView.mbeanDomain -Dspring.application.admin.enabled=true -Dfile.encoding=UTF-8 com.codeup.capstonestarter.CapstoneStarterApplication

Host: MacBookPro17,1 arm64 1 MHz, 8 cores, 8G, Darwin 20.6.0, macOS 11.5.2 (20G95)
Time: Tue Sep 21 16:05:09 2021 CDT elapsed time: 0.594784 seconds (0d 0h 0m 0s)

---------------  T H R E A D  ---------------

Current thread (0x000000013480f000):  JavaThread "main" [_thread_in_Java, id=6147, stack(0x000000016d228000,0x000000016d42b000)]

Stack: [0x000000016d228000,0x000000016d42b000],  sp=0x000000016d429c40,  free space=2055k
Native frames: (J=compiled Java code, A=aot compiled Java code, j=interpreted, Vv=VM code, C=native code)
V  [libjvm.dylib+0x9abf04]  VMError::report_and_die(int, char const*, char const*, char*, Thread*, unsigned char*, void*, void*, char const*, int, unsigned long)+0x46c
V  [libjvm.dylib+0x9ac658]  VMError::report_and_die(Thread*, void*, char const*, int, char const*, char const*, char*)+0x40
V  [libjvm.dylib+0x2a9dd0]  report_vm_error(char const*, int, char const*, char const*, ...)+0x5c
V  [libjvm.dylib+0x2a9fa4]  report_should_not_reach_here(char const*, int)+0x2c
V  [libjvm.dylib+0x81388c]  SharedRuntime::raw_exception_handler_for_return_address(JavaThread*, unsigned char*)+0x178
V  [libjvm.dylib+0x813930]  SharedRuntime::exception_handler_for_return_address(JavaThread*, unsigned char*)+0x28
v  ~StubRoutines::forward exception
j  java.lang.Class.forName(Ljava/lang/String;)Ljava/lang/Class;+11 java.base@16
j  jdk.internal.platform.Metrics.systemMetrics()Ljdk/internal/platform/Metrics;+2 java.base@16
j  jdk.internal.platform.Container.metrics()Ljdk/internal/platform/Metrics;+0 java.base@16
j  com.sun.management.internal.OperatingSystemImpl.<init>(Lsun/management/VMManagement;)V+6 jdk.management@16
j  com.sun.management.internal.PlatformMBeanProviderImpl.getOperatingSystemMXBean()Ljava/lang/management/OperatingSystemMXBean;+13 jdk.management@16
j  com.sun.management.internal.PlatformMBeanProviderImpl$3.nameToMBeanMap()Ljava/util/Map;+2 jdk.management@16
j  java.lang.management.ManagementFactory.lambda$getPlatformMBeanServer$0(Lsun/management/spi/PlatformMBeanProvider$PlatformComponent;)Ljava/util/stream/Stream;+1 java.management@16
j  java.lang.management.ManagementFactory$$Lambda$31+0x00000003000bce40.apply(Ljava/lang/Object;)Ljava/lang/Object;+4 java.management@16
j  java.util.stream.ReferencePipeline$7$1.accept(Ljava/lang/Object;)V+8 java.base@16
j  java.util.stream.ReferencePipeline$2$1.accept(Ljava/lang/Object;)V+21 java.base@16
j  java.util.HashMap$ValueSpliterator.forEachRemaining(Ljava/util/function/Consumer;)V+145 java.base@16
j  java.util.stream.AbstractPipeline.copyInto(Ljava/util/stream/Sink;Ljava/util/Spliterator;)V+32 java.base@16
j  java.util.stream.AbstractPipeline.wrapAndCopyInto(Ljava/util/stream/Sink;Ljava/util/Spliterator;)Ljava/util/stream/Sink;+13 java.base@16
j  java.util.stream.ForEachOps$ForEachOp.evaluateSequential(Ljava/util/stream/PipelineHelper;Ljava/util/Spliterator;)Ljava/lang/Void;+3 java.base@16
j  java.util.stream.ForEachOps$ForEachOp$OfRef.evaluateSequential(Ljava/util/stream/PipelineHelper;Ljava/util/Spliterator;)Ljava/lang/Object;+3 java.base@16
j  java.util.stream.AbstractPipeline.evaluate(Ljava/util/stream/TerminalOp;)Ljava/lang/Object;+88 java.base@16
j  java.util.stream.ReferencePipeline.forEach(Ljava/util/function/Consumer;)V+6 java.base@16
j  java.lang.management.ManagementFactory.getPlatformMBeanServer()Ljavax/management/MBeanServer;+68 java.management@16
j  sun.management.jmxremote.ConnectorBootstrap.startLocalConnectorServer()Ljavax/management/remote/JMXConnectorServer;+88 jdk.management.agent@16
j  jdk.internal.agent.Agent.startLocalManagementAgent()V+13 jdk.management.agent@16
j  jdk.internal.agent.Agent.startAgent(Ljava/util/Properties;)V+58 jdk.management.agent@16
j  jdk.internal.agent.Agent.startAgent()V+20 jdk.management.agent@16
v  ~StubRoutines::call_stub
V  [libjvm.dylib+0x43f718]  JavaCalls::call_helper(JavaValue*, methodHandle const&, JavaCallArguments*, Thread*)+0x30c
V  [libjvm.dylib+0x43ed54]  JavaCalls::call_static(JavaValue*, Klass*, Symbol*, Symbol*, JavaCallArguments*, Thread*)+0xc4
V  [libjvm.dylib+0x43eddc]  JavaCalls::call_static(JavaValue*, Klass*, Symbol*, Symbol*, Thread*)+0x4c
V  [libjvm.dylib+0x6ebacc]  Management::initialize(Thread*)+0x118
V  [libjvm.dylib+0x941628]  Threads::create_vm(JavaVMInitArgs*, bool*)+0x7f4
V  [libjvm.dylib+0x4b37a4]  JNI_CreateJavaVM+0x78
C  [libjli.dylib+0x4b60]  JavaMain+0x104
C  [libjli.dylib+0x778c]  ThreadJavaMain+0xc
C  [libsystem_pthread.dylib+0x7878]  _pthread_start+0x140


---------------  P R O C E S S  ---------------

Threads class SMR info:
_java_thread_list=0x0000000133b5f830, length=11, elements={
0x000000013480f000, 0x000000013500c800, 0x0000000134008600, 0x0000000134839800,
0x0000000133022c00, 0x0000000122889000, 0x0000000134009200, 0x0000000134009800,
0x000000013500ce00, 0x0000000135008200, 0x0000000135008800
}

Java Threads: ( => current thread )
=>0x000000013480f000 JavaThread "main" [_thread_in_Java, id=6147, stack(0x000000016d228000,0x000000016d42b000)]
  0x000000013500c800 JavaThread "Reference Handler" daemon [_thread_blocked, id=15363, stack(0x000000016e07c000,0x000000016e27f000)]
  0x0000000134008600 JavaThread "Finalizer" daemon [_thread_blocked, id=17155, stack(0x000000016e288000,0x000000016e48b000)]
  0x0000000134839800 JavaThread "Signal Dispatcher" daemon [_thread_blocked, id=42499, stack(0x000000016e638000,0x000000016e83b000)]
  0x0000000133022c00 JavaThread "Service Thread" daemon [_thread_blocked, id=41987, stack(0x000000016e844000,0x000000016ea47000)]
  0x0000000122889000 JavaThread "Monitor Deflation Thread" daemon [_thread_blocked, id=22275, stack(0x000000016ea50000,0x000000016ec53000)]
  0x0000000134009200 JavaThread "C1 CompilerThread0" daemon [_thread_blocked, id=41219, stack(0x000000016ec5c000,0x000000016ee5f000)]
  0x0000000134009800 JavaThread "Sweeper thread" daemon [_thread_blocked, id=40963, stack(0x000000016ee68000,0x000000016f06b000)]
  0x000000013500ce00 JavaThread "Common-Cleaner" daemon [_thread_blocked, id=22787, stack(0x000000016f074000,0x000000016f277000)]
  0x0000000135008200 JavaThread "Monitor Ctrl-Break" daemon [_thread_in_native, id=23299, stack(0x000000016f280000,0x000000016f483000)]
  0x0000000135008800 JavaThread "Notification Thread" daemon [_thread_blocked, id=40195, stack(0x000000016f48c000,0x000000016f68f000)]

Other Threads:
  0x0000000132f1b040 VMThread "VM Thread" [stack: 0x000000016de70000,0x000000016e073000] [id=15107]
  0x0000000133a19080 GCTaskThread "GC Thread#0" [stack: 0x000000016d434000,0x000000016d637000] [id=12291]
  0x00000001339050b0 ConcurrentGCThread "G1 Main Marker" [stack: 0x000000016d640000,0x000000016d843000] [id=12547]
  0x0000000133905f70 ConcurrentGCThread "G1 Conc#0" [stack: 0x000000016d84c000,0x000000016da4f000] [id=19459]
  0x0000000133921f40 ConcurrentGCThread "G1 Refine#0" [stack: 0x000000016da58000,0x000000016dc5b000] [id=19203]
  0x0000000133922f40 ConcurrentGCThread "G1 Service" [stack: 0x000000016dc64000,0x000000016de67000] [id=18947]

Threads with active compile tasks:

VM state: not at safepoint (normal execution)

VM Mutex/Monitor currently owned by a thread: None

Heap address: 0x0000000740000000, size: 2048 MB, Compressed Oops mode: Zero based, Oop shift amount: 3
Compressed class space mapped at: 0x0000000300000000-0x0000000340000000, reserved size: 1073741824
Narrow klass base: 0x0000000000000000, Narrow klass shift: 3, Narrow klass range: 0x340000000

GC Precious Log:
 CPUs: 8 total, 8 available
 Memory: 8192M
 Large Page Support: Disabled
 NUMA Support: Disabled
 Compressed Oops: Enabled (Zero based)
 Heap Region Size: 1M
 Heap Min Capacity: 8M
 Heap Initial Capacity: 128M
 Heap Max Capacity: 2G
 Pre-touch: Disabled
 Parallel Workers: 8
 Concurrent Workers: 2
 Concurrent Refinement Workers: 8
 Periodic GC: Disabled

Heap:
 garbage-first heap   total 131072K, used 11264K [0x0000000740000000, 0x00000007c0000000)
  region size 1024K, 12 young (12288K), 0 survivors (0K)
 Metaspace       used 9041K, committed 9280K, reserved 1064960K
  class space    used 865K, committed 960K, reserved 1048576K

Heap Regions: E=young(eden), S=young(survivor), O=old, HS=humongous(starts), HC=humongous(continues), CS=collection set, F=free, OA=open archive, CA=closed archive, TAMS=top-at-mark-start (previous, next)
|   0|0x0000000740000000, 0x0000000740100000, 0x0000000740100000|100%|HS|  |TAMS 0x0000000740000000, 0x0000000740000000| Complete 
|   1|0x0000000740100000, 0x0000000740100000, 0x0000000740200000|  0%| F|  |TAMS 0x0000000740100000, 0x0000000740100000| Untracked 
|   2|0x0000000740200000, 0x0000000740200000, 0x0000000740300000|  0%| F|  |TAMS 0x0000000740200000, 0x0000000740200000| Untracked 
|   3|0x0000000740300000, 0x0000000740300000, 0x0000000740400000|  0%| F|  |TAMS 0x0000000740300000, 0x0000000740300000| Untracked 
|   4|0x0000000740400000, 0x0000000740400000, 0x0000000740500000|  0%| F|  |TAMS 0x0000000740400000, 0x0000000740400000| Untracked 
|   5|0x0000000740500000, 0x0000000740500000, 0x0000000740600000|  0%| F|  |TAMS 0x0000000740500000, 0x0000000740500000| Untracked 
|   6|0x0000000740600000, 0x0000000740600000, 0x0000000740700000|  0%| F|  |TAMS 0x0000000740600000, 0x0000000740600000| Untracked 
|   7|0x0000000740700000, 0x0000000740700000, 0x0000000740800000|  0%| F|  |TAMS 0x0000000740700000, 0x0000000740700000| Untracked 
|   8|0x0000000740800000, 0x0000000740800000, 0x0000000740900000|  0%| F|  |TAMS 0x0000000740800000, 0x0000000740800000| Untracked 
|   9|0x0000000740900000, 0x0000000740900000, 0x0000000740a00000|  0%| F|  |TAMS 0x0000000740900000, 0x0000000740900000| Untracked 
|  10|0x0000000740a00000, 0x0000000740a00000, 0x0000000740b00000|  0%| F|  |TAMS 0x0000000740a00000, 0x0000000740a00000| Untracked 
|  11|0x0000000740b00000, 0x0000000740b00000, 0x0000000740c00000|  0%| F|  |TAMS 0x0000000740b00000, 0x0000000740b00000| Untracked 
|  12|0x0000000740c00000, 0x0000000740c00000, 0x0000000740d00000|  0%| F|  |TAMS 0x0000000740c00000, 0x0000000740c00000| Untracked 
|  13|0x0000000740d00000, 0x0000000740d00000, 0x0000000740e00000|  0%| F|  |TAMS 0x0000000740d00000, 0x0000000740d00000| Untracked 
|  14|0x0000000740e00000, 0x0000000740e00000, 0x0000000740f00000|  0%| F|  |TAMS 0x0000000740e00000, 0x0000000740e00000| Untracked 
|  15|0x0000000740f00000, 0x0000000740f00000, 0x0000000741000000|  0%| F|  |TAMS 0x0000000740f00000, 0x0000000740f00000| Untracked 
|  16|0x0000000741000000, 0x0000000741000000, 0x0000000741100000|  0%| F|  |TAMS 0x0000000741000000, 0x0000000741000000| Untracked 
|  17|0x0000000741100000, 0x0000000741100000, 0x0000000741200000|  0%| F|  |TAMS 0x0000000741100000, 0x0000000741100000| Untracked 
|  18|0x0000000741200000, 0x0000000741200000, 0x0000000741300000|  0%| F|  |TAMS 0x0000000741200000, 0x0000000741200000| Untracked 
|  19|0x0000000741300000, 0x0000000741300000, 0x0000000741400000|  0%| F|  |TAMS 0x0000000741300000, 0x0000000741300000| Untracked 
|  20|0x0000000741400000, 0x0000000741400000, 0x0000000741500000|  0%| F|  |TAMS 0x0000000741400000, 0x0000000741400000| Untracked 
|  21|0x0000000741500000, 0x0000000741500000, 0x0000000741600000|  0%| F|  |TAMS 0x0000000741500000, 0x0000000741500000| Untracked 
|  22|0x0000000741600000, 0x0000000741600000, 0x0000000741700000|  0%| F|  |TAMS 0x0000000741600000, 0x0000000741600000| Untracked 
|  23|0x0000000741700000, 0x0000000741700000, 0x0000000741800000|  0%| F|  |TAMS 0x0000000741700000, 0x0000000741700000| Untracked 
|  24|0x0000000741800000, 0x0000000741800000, 0x0000000741900000|  0%| F|  |TAMS 0x0000000741800000, 0x0000000741800000| Untracked 
|  25|0x0000000741900000, 0x0000000741900000, 0x0000000741a00000|  0%| F|  |TAMS 0x0000000741900000, 0x0000000741900000| Untracked 
|  26|0x0000000741a00000, 0x0000000741a00000, 0x0000000741b00000|  0%| F|  |TAMS 0x0000000741a00000, 0x0000000741a00000| Untracked 
|  27|0x0000000741b00000, 0x0000000741b00000, 0x0000000741c00000|  0%| F|  |TAMS 0x0000000741b00000, 0x0000000741b00000| Untracked 
|  28|0x0000000741c00000, 0x0000000741c00000, 0x0000000741d00000|  0%| F|  |TAMS 0x0000000741c00000, 0x0000000741c00000| Untracked 
|  29|0x0000000741d00000, 0x0000000741d00000, 0x0000000741e00000|  0%| F|  |TAMS 0x0000000741d00000, 0x0000000741d00000| Untracked 
|  30|0x0000000741e00000, 0x0000000741e00000, 0x0000000741f00000|  0%| F|  |TAMS 0x0000000741e00000, 0x0000000741e00000| Untracked 
|  31|0x0000000741f00000, 0x0000000741f00000, 0x0000000742000000|  0%| F|  |TAMS 0x0000000741f00000, 0x0000000741f00000| Untracked 
|  32|0x0000000742000000, 0x0000000742000000, 0x0000000742100000|  0%| F|  |TAMS 0x0000000742000000, 0x0000000742000000| Untracked 
|  33|0x0000000742100000, 0x0000000742100000, 0x0000000742200000|  0%| F|  |TAMS 0x0000000742100000, 0x0000000742100000| Untracked 
|  34|0x0000000742200000, 0x0000000742200000, 0x0000000742300000|  0%| F|  |TAMS 0x0000000742200000, 0x0000000742200000| Untracked 
|  35|0x0000000742300000, 0x0000000742300000, 0x0000000742400000|  0%| F|  |TAMS 0x0000000742300000, 0x0000000742300000| Untracked 
|  36|0x0000000742400000, 0x0000000742400000, 0x0000000742500000|  0%| F|  |TAMS 0x0000000742400000, 0x0000000742400000| Untracked 
|  37|0x0000000742500000, 0x0000000742500000, 0x0000000742600000|  0%| F|  |TAMS 0x0000000742500000, 0x0000000742500000| Untracked 
|  38|0x0000000742600000, 0x0000000742600000, 0x0000000742700000|  0%| F|  |TAMS 0x0000000742600000, 0x0000000742600000| Untracked 
|  39|0x0000000742700000, 0x0000000742700000, 0x0000000742800000|  0%| F|  |TAMS 0x0000000742700000, 0x0000000742700000| Untracked 
|  40|0x0000000742800000, 0x0000000742800000, 0x0000000742900000|  0%| F|  |TAMS 0x0000000742800000, 0x0000000742800000| Untracked 
|  41|0x0000000742900000, 0x0000000742900000, 0x0000000742a00000|  0%| F|  |TAMS 0x0000000742900000, 0x0000000742900000| Untracked 
|  42|0x0000000742a00000, 0x0000000742a00000, 0x0000000742b00000|  0%| F|  |TAMS 0x0000000742a00000, 0x0000000742a00000| Untracked 
|  43|0x0000000742b00000, 0x0000000742b00000, 0x0000000742c00000|  0%| F|  |TAMS 0x0000000742b00000, 0x0000000742b00000| Untracked 
|  44|0x0000000742c00000, 0x0000000742c00000, 0x0000000742d00000|  0%| F|  |TAMS 0x0000000742c00000, 0x0000000742c00000| Untracked 
|  45|0x0000000742d00000, 0x0000000742d00000, 0x0000000742e00000|  0%| F|  |TAMS 0x0000000742d00000, 0x0000000742d00000| Untracked 
|  46|0x0000000742e00000, 0x0000000742e00000, 0x0000000742f00000|  0%| F|  |TAMS 0x0000000742e00000, 0x0000000742e00000| Untracked 
|  47|0x0000000742f00000, 0x0000000742f00000, 0x0000000743000000|  0%| F|  |TAMS 0x0000000742f00000, 0x0000000742f00000| Untracked 
|  48|0x0000000743000000, 0x0000000743000000, 0x0000000743100000|  0%| F|  |TAMS 0x0000000743000000, 0x0000000743000000| Untracked 
|  49|0x0000000743100000, 0x0000000743100000, 0x0000000743200000|  0%| F|  |TAMS 0x0000000743100000, 0x0000000743100000| Untracked 
|  50|0x0000000743200000, 0x0000000743200000, 0x0000000743300000|  0%| F|  |TAMS 0x0000000743200000, 0x0000000743200000| Untracked 
|  51|0x0000000743300000, 0x0000000743300000, 0x0000000743400000|  0%| F|  |TAMS 0x0000000743300000, 0x0000000743300000| Untracked 
|  52|0x0000000743400000, 0x0000000743400000, 0x0000000743500000|  0%| F|  |TAMS 0x0000000743400000, 0x0000000743400000| Untracked 
|  53|0x0000000743500000, 0x0000000743500000, 0x0000000743600000|  0%| F|  |TAMS 0x0000000743500000, 0x0000000743500000| Untracked 
|  54|0x0000000743600000, 0x0000000743600000, 0x0000000743700000|  0%| F|  |TAMS 0x0000000743600000, 0x0000000743600000| Untracked 
|  55|0x0000000743700000, 0x0000000743700000, 0x0000000743800000|  0%| F|  |TAMS 0x0000000743700000, 0x0000000743700000| Untracked 
|  56|0x0000000743800000, 0x0000000743800000, 0x0000000743900000|  0%| F|  |TAMS 0x0000000743800000, 0x0000000743800000| Untracked 
|  57|0x0000000743900000, 0x0000000743900000, 0x0000000743a00000|  0%| F|  |TAMS 0x0000000743900000, 0x0000000743900000| Untracked 
|  58|0x0000000743a00000, 0x0000000743a00000, 0x0000000743b00000|  0%| F|  |TAMS 0x0000000743a00000, 0x0000000743a00000| Untracked 
|  59|0x0000000743b00000, 0x0000000743b00000, 0x0000000743c00000|  0%| F|  |TAMS 0x0000000743b00000, 0x0000000743b00000| Untracked 
|  60|0x0000000743c00000, 0x0000000743c00000, 0x0000000743d00000|  0%| F|  |TAMS 0x0000000743c00000, 0x0000000743c00000| Untracked 
|  61|0x0000000743d00000, 0x0000000743d00000, 0x0000000743e00000|  0%| F|  |TAMS 0x0000000743d00000, 0x0000000743d00000| Untracked 
|  62|0x0000000743e00000, 0x0000000743e00000, 0x0000000743f00000|  0%| F|  |TAMS 0x0000000743e00000, 0x0000000743e00000| Untracked 
|  63|0x0000000743f00000, 0x0000000743f00000, 0x0000000744000000|  0%| F|  |TAMS 0x0000000743f00000, 0x0000000743f00000| Untracked 
|  64|0x0000000744000000, 0x0000000744000000, 0x0000000744100000|  0%| F|  |TAMS 0x0000000744000000, 0x0000000744000000| Untracked 
|  65|0x0000000744100000, 0x0000000744100000, 0x0000000744200000|  0%| F|  |TAMS 0x0000000744100000, 0x0000000744100000| Untracked 
|  66|0x0000000744200000, 0x0000000744200000, 0x0000000744300000|  0%| F|  |TAMS 0x0000000744200000, 0x0000000744200000| Untracked 
|  67|0x0000000744300000, 0x0000000744300000, 0x0000000744400000|  0%| F|  |TAMS 0x0000000744300000, 0x0000000744300000| Untracked 
|  68|0x0000000744400000, 0x0000000744400000, 0x0000000744500000|  0%| F|  |TAMS 0x0000000744400000, 0x0000000744400000| Untracked 
|  69|0x0000000744500000, 0x0000000744500000, 0x0000000744600000|  0%| F|  |TAMS 0x0000000744500000, 0x0000000744500000| Untracked 
|  70|0x0000000744600000, 0x0000000744600000, 0x0000000744700000|  0%| F|  |TAMS 0x0000000744600000, 0x0000000744600000| Untracked 
|  71|0x0000000744700000, 0x0000000744700000, 0x0000000744800000|  0%| F|  |TAMS 0x0000000744700000, 0x0000000744700000| Untracked 
|  72|0x0000000744800000, 0x0000000744800000, 0x0000000744900000|  0%| F|  |TAMS 0x0000000744800000, 0x0000000744800000| Untracked 
|  73|0x0000000744900000, 0x0000000744900000, 0x0000000744a00000|  0%| F|  |TAMS 0x0000000744900000, 0x0000000744900000| Untracked 
|  74|0x0000000744a00000, 0x0000000744a00000, 0x0000000744b00000|  0%| F|  |TAMS 0x0000000744a00000, 0x0000000744a00000| Untracked 
|  75|0x0000000744b00000, 0x0000000744b00000, 0x0000000744c00000|  0%| F|  |TAMS 0x0000000744b00000, 0x0000000744b00000| Untracked 
|  76|0x0000000744c00000, 0x0000000744c00000, 0x0000000744d00000|  0%| F|  |TAMS 0x0000000744c00000, 0x0000000744c00000| Untracked 
|  77|0x0000000744d00000, 0x0000000744d00000, 0x0000000744e00000|  0%| F|  |TAMS 0x0000000744d00000, 0x0000000744d00000| Untracked 
|  78|0x0000000744e00000, 0x0000000744e00000, 0x0000000744f00000|  0%| F|  |TAMS 0x0000000744e00000, 0x0000000744e00000| Untracked 
|  79|0x0000000744f00000, 0x0000000744f00000, 0x0000000745000000|  0%| F|  |TAMS 0x0000000744f00000, 0x0000000744f00000| Untracked 
|  80|0x0000000745000000, 0x0000000745000000, 0x0000000745100000|  0%| F|  |TAMS 0x0000000745000000, 0x0000000745000000| Untracked 
|  81|0x0000000745100000, 0x0000000745100000, 0x0000000745200000|  0%| F|  |TAMS 0x0000000745100000, 0x0000000745100000| Untracked 
|  82|0x0000000745200000, 0x0000000745200000, 0x0000000745300000|  0%| F|  |TAMS 0x0000000745200000, 0x0000000745200000| Untracked 
|  83|0x0000000745300000, 0x0000000745300000, 0x0000000745400000|  0%| F|  |TAMS 0x0000000745300000, 0x0000000745300000| Untracked 
|  84|0x0000000745400000, 0x0000000745400000, 0x0000000745500000|  0%| F|  |TAMS 0x0000000745400000, 0x0000000745400000| Untracked 
|  85|0x0000000745500000, 0x0000000745500000, 0x0000000745600000|  0%| F|  |TAMS 0x0000000745500000, 0x0000000745500000| Untracked 
|  86|0x0000000745600000, 0x0000000745600000, 0x0000000745700000|  0%| F|  |TAMS 0x0000000745600000, 0x0000000745600000| Untracked 
|  87|0x0000000745700000, 0x0000000745700000, 0x0000000745800000|  0%| F|  |TAMS 0x0000000745700000, 0x0000000745700000| Untracked 
|  88|0x0000000745800000, 0x0000000745800000, 0x0000000745900000|  0%| F|  |TAMS 0x0000000745800000, 0x0000000745800000| Untracked 
|  89|0x0000000745900000, 0x0000000745900000, 0x0000000745a00000|  0%| F|  |TAMS 0x0000000745900000, 0x0000000745900000| Untracked 
|  90|0x0000000745a00000, 0x0000000745a00000, 0x0000000745b00000|  0%| F|  |TAMS 0x0000000745a00000, 0x0000000745a00000| Untracked 
|  91|0x0000000745b00000, 0x0000000745b00000, 0x0000000745c00000|  0%| F|  |TAMS 0x0000000745b00000, 0x0000000745b00000| Untracked 
|  92|0x0000000745c00000, 0x0000000745c00000, 0x0000000745d00000|  0%| F|  |TAMS 0x0000000745c00000, 0x0000000745c00000| Untracked 
|  93|0x0000000745d00000, 0x0000000745d00000, 0x0000000745e00000|  0%| F|  |TAMS 0x0000000745d00000, 0x0000000745d00000| Untracked 
|  94|0x0000000745e00000, 0x0000000745e00000, 0x0000000745f00000|  0%| F|  |TAMS 0x0000000745e00000, 0x0000000745e00000| Untracked 
|  95|0x0000000745f00000, 0x0000000745f00000, 0x0000000746000000|  0%| F|  |TAMS 0x0000000745f00000, 0x0000000745f00000| Untracked 
|  96|0x0000000746000000, 0x0000000746000000, 0x0000000746100000|  0%| F|  |TAMS 0x0000000746000000, 0x0000000746000000| Untracked 
|  97|0x0000000746100000, 0x0000000746100000, 0x0000000746200000|  0%| F|  |TAMS 0x0000000746100000, 0x0000000746100000| Untracked 
|  98|0x0000000746200000, 0x0000000746200000, 0x0000000746300000|  0%| F|  |TAMS 0x0000000746200000, 0x0000000746200000| Untracked 
|  99|0x0000000746300000, 0x0000000746300000, 0x0000000746400000|  0%| F|  |TAMS 0x0000000746300000, 0x0000000746300000| Untracked 
| 100|0x0000000746400000, 0x0000000746400000, 0x0000000746500000|  0%| F|  |TAMS 0x0000000746400000, 0x0000000746400000| Untracked 
| 101|0x0000000746500000, 0x0000000746500000, 0x0000000746600000|  0%| F|  |TAMS 0x0000000746500000, 0x0000000746500000| Untracked 
| 102|0x0000000746600000, 0x0000000746600000, 0x0000000746700000|  0%| F|  |TAMS 0x0000000746600000, 0x0000000746600000| Untracked 
| 103|0x0000000746700000, 0x0000000746700000, 0x0000000746800000|  0%| F|  |TAMS 0x0000000746700000, 0x0000000746700000| Untracked 
| 104|0x0000000746800000, 0x0000000746800000, 0x0000000746900000|  0%| F|  |TAMS 0x0000000746800000, 0x0000000746800000| Untracked 
| 105|0x0000000746900000, 0x0000000746900000, 0x0000000746a00000|  0%| F|  |TAMS 0x0000000746900000, 0x0000000746900000| Untracked 
| 106|0x0000000746a00000, 0x0000000746a00000, 0x0000000746b00000|  0%| F|  |TAMS 0x0000000746a00000, 0x0000000746a00000| Untracked 
| 107|0x0000000746b00000, 0x0000000746b00000, 0x0000000746c00000|  0%| F|  |TAMS 0x0000000746b00000, 0x0000000746b00000| Untracked 
| 108|0x0000000746c00000, 0x0000000746c00000, 0x0000000746d00000|  0%| F|  |TAMS 0x0000000746c00000, 0x0000000746c00000| Untracked 
| 109|0x0000000746d00000, 0x0000000746d00000, 0x0000000746e00000|  0%| F|  |TAMS 0x0000000746d00000, 0x0000000746d00000| Untracked 
| 110|0x0000000746e00000, 0x0000000746e00000, 0x0000000746f00000|  0%| F|  |TAMS 0x0000000746e00000, 0x0000000746e00000| Untracked 
| 111|0x0000000746f00000, 0x0000000746f00000, 0x0000000747000000|  0%| F|  |TAMS 0x0000000746f00000, 0x0000000746f00000| Untracked 
| 112|0x0000000747000000, 0x0000000747000000, 0x0000000747100000|  0%| F|  |TAMS 0x0000000747000000, 0x0000000747000000| Untracked 
| 113|0x0000000747100000, 0x0000000747100000, 0x0000000747200000|  0%| F|  |TAMS 0x0000000747100000, 0x0000000747100000| Untracked 
| 114|0x0000000747200000, 0x0000000747200000, 0x0000000747300000|  0%| F|  |TAMS 0x0000000747200000, 0x0000000747200000| Untracked 
| 115|0x0000000747300000, 0x0000000747300000, 0x0000000747400000|  0%| F|  |TAMS 0x0000000747300000, 0x0000000747300000| Untracked 
| 116|0x0000000747400000, 0x00000007474ec4f8, 0x0000000747500000| 92%| E|  |TAMS 0x0000000747400000, 0x0000000747400000| Complete 
| 117|0x0000000747500000, 0x0000000747600000, 0x0000000747600000|100%| E|CS|TAMS 0x0000000747500000, 0x0000000747500000| Complete 
| 118|0x0000000747600000, 0x0000000747700000, 0x0000000747700000|100%| E|CS|TAMS 0x0000000747600000, 0x0000000747600000| Complete 
| 119|0x0000000747700000, 0x0000000747800000, 0x0000000747800000|100%| E|  |TAMS 0x0000000747700000, 0x0000000747700000| Complete 
| 120|0x0000000747800000, 0x0000000747900000, 0x0000000747900000|100%| E|CS|TAMS 0x0000000747800000, 0x0000000747800000| Complete 
| 121|0x0000000747900000, 0x0000000747a00000, 0x0000000747a00000|100%| E|CS|TAMS 0x0000000747900000, 0x0000000747900000| Complete 
| 122|0x0000000747a00000, 0x0000000747b00000, 0x0000000747b00000|100%| E|CS|TAMS 0x0000000747a00000, 0x0000000747a00000| Complete 
| 123|0x0000000747b00000, 0x0000000747c00000, 0x0000000747c00000|100%| E|CS|TAMS 0x0000000747b00000, 0x0000000747b00000| Complete 
| 124|0x0000000747c00000, 0x0000000747d00000, 0x0000000747d00000|100%| E|CS|TAMS 0x0000000747c00000, 0x0000000747c00000| Complete 
| 125|0x0000000747d00000, 0x0000000747e00000, 0x0000000747e00000|100%| E|CS|TAMS 0x0000000747d00000, 0x0000000747d00000| Complete 
| 126|0x0000000747e00000, 0x0000000747f00000, 0x0000000747f00000|100%| E|CS|TAMS 0x0000000747e00000, 0x0000000747e00000| Complete 
| 127|0x0000000747f00000, 0x0000000748000000, 0x0000000748000000|100%| E|CS|TAMS 0x0000000747f00000, 0x0000000747f00000| Complete 

Card table byte_map: [0x000000011fd3c000,0x000000012013c000] _byte_map_base: 0x000000011c33c000

Marking Bits (Prev, Next): (CMBitMap*) 0x0000000122808210, (CMBitMap*) 0x0000000122808250
 Prev Bits: [0x000000012053c000, 0x000000012253c000)
 Next Bits: [0x0000000123800000, 0x0000000125800000)

Polling page: 0x0000000102cf4000

Metaspace:

Usage:
  Non-class:      7.98 MB used.
      Class:    865.12 KB used.
       Both:      8.83 MB used.

Virtual space:
  Non-class space:       16.00 MB reserved,       8.12 MB ( 51%) committed,  2 nodes.
      Class space:        1.00 GB reserved,     960.00 KB ( <1%) committed,  1 nodes.
              Both:        1.02 GB reserved,       9.06 MB ( <1%) committed. 

Chunk freelists:
   Non-Class:  2.98 MB
       Class:  3.06 MB
        Both:  6.04 MB

MaxMetaspaceSize: 17179869184.00 GB
CompressedClassSpaceSize: 1.00 GB
 - commit_granule_bytes: 65536.
 - commit_granule_words: 8192.
 - virtual_space_node_default_size: 1048576.
 - enlarge_chunks_in_place: 1.
 - new_chunks_are_fully_committed: 0.
 - uncommit_free_chunks: 1.
 - use_allocation_guard: 0.
 - handle_deallocations: 1.


Internal statistics:

num_allocs_failed_limit: 0.
num_arena_births: 170.
num_arena_deaths: 0.
num_vsnodes_births: 3.
num_vsnodes_deaths: 0.
num_space_committed: 145.
num_space_uncommitted: 0.
num_chunks_returned_to_freelist: 0.
num_chunks_taken_from_freelist: 192.
num_chunk_merges: 0.
num_chunk_splits: 129.
num_chunks_enlarged: 83.
num_purges: 0.

CodeHeap 'non-profiled nmethods': size=238384Kb used=860Kb max_used=860Kb free=237523Kb
 bounds [0x0000000110e9c000, 0x000000011110c000, 0x000000011f768000]
CodeHeap 'non-nmethods': size=7376Kb used=1079Kb max_used=1079Kb free=6296Kb
 bounds [0x0000000110768000, 0x00000001109d8000, 0x0000000110e9c000]
 total_blobs=989 nmethods=603 adapters=318
 compilation: enabled
              stopped_count=0, restarted_count=0
 full_count=0

Compilation events (20 events):
Event: 0.593 Thread 0x0000000134009200  602       1       java.util.TreeMap::successor (66 bytes)
Event: 0.593 Thread 0x0000000134009200 nmethod 602 0x0000000110f6fe90 code [0x0000000110f70040, 0x0000000110f701e8]
Event: 0.593 Thread 0x0000000134009200  601       1       java.util.TreeMap::put (221 bytes)
Event: 0.594 Thread 0x0000000134009200 nmethod 601 0x0000000110f70310 code [0x0000000110f70540, 0x0000000110f70ad8]
Event: 0.594 Thread 0x0000000134009200  596       1       jdk.internal.org.objectweb.asm.Attribute::putAttributes (78 bytes)
Event: 0.594 Thread 0x0000000134009200 nmethod 596 0x0000000110f70d90 code [0x0000000110f71000, 0x0000000110f71408]
Event: 0.594 Thread 0x0000000134009200  591       1       java.lang.invoke.LambdaForm::uncustomize (57 bytes)
Event: 0.594 Thread 0x0000000134009200 nmethod 591 0x0000000110f71710 code [0x0000000110f718c0, 0x0000000110f71a98]
Event: 0.594 Thread 0x0000000134009200  599       1       java.util.TreeMap$Entry::getKey (5 bytes)
Event: 0.594 Thread 0x0000000134009200 nmethod 599 0x0000000110f71b90 code [0x0000000110f71d00, 0x0000000110f71de8]
Event: 0.594 Thread 0x0000000134009200  600       1       java.util.TreeMap$Entry::getValue (5 bytes)
Event: 0.594 Thread 0x0000000134009200 nmethod 600 0x0000000110f71e90 code [0x0000000110f72000, 0x0000000110f720e8]
Event: 0.594 Thread 0x0000000134009200  604       1       javax.management.MBeanFeatureInfo::getDescription (5 bytes)
Event: 0.594 Thread 0x0000000134009200 nmethod 604 0x0000000110f72190 code [0x0000000110f72300, 0x0000000110f723e8]
Event: 0.594 Thread 0x0000000134009200  590       1       java.lang.invoke.MemberName::<init> (50 bytes)
Event: 0.594 Thread 0x0000000134009200 nmethod 590 0x0000000110f72490 code [0x0000000110f72680, 0x0000000110f728a8]
Event: 0.594 Thread 0x0000000134009200  594       1       java.lang.invoke.MemberName::isMethod (8 bytes)
Event: 0.594 Thread 0x0000000134009200 nmethod 594 0x0000000110f72a10 code [0x0000000110f72b80, 0x0000000110f72ca8]
Event: 0.594 Thread 0x0000000134009200  603       1       java.lang.invoke.MethodType::erase (8 bytes)
Event: 0.594 Thread 0x0000000134009200 nmethod 603 0x0000000110f72d10 code [0x0000000110f72e80, 0x0000000110f72fa8]

GC Heap History (0 events):
No events

Deoptimization events (4 events):
Event: 0.379 Thread 0x000000013480f000 DEOPT PACKING pc=0x0000000110edd52c sp=0x000000016d429490
Event: 0.379 Thread 0x000000013480f000 DEOPT UNPACKING pc=0x00000001107a1bfc sp=0x000000016d429250 mode 3
Event: 0.468 Thread 0x000000013480f000 DEOPT PACKING pc=0x0000000110f097d8 sp=0x000000016d4295f0
Event: 0.468 Thread 0x000000013480f000 DEOPT UNPACKING pc=0x00000001107a1bfc sp=0x000000016d4294a0 mode 3

Classes unloaded (0 events):
No events

Classes redefined (0 events):
No events

Internal exceptions (20 events):
Event: 0.492 Thread 0x000000013480f000 Exception <a 'java/lang/NoSuchMethodError'{0x00000007476e4de8}: 'java.lang.Object java.lang.invoke.DelegatingMethodHandle$Holder.delegate(java.lang.Object, java.lang.Object, java.lang.Object, java.lang.Object, java.lang.Object, java.lang.Object)'> (0x00000007476e4de8) 
thrown [src/hotspot/share/interpreter/linkResolver.cpp, line 790]
Event: 0.492 Thread 0x000000013480f000 Exception <a 'java/lang/NoSuchMethodError'{0x00000007476e8e28}: 'java.lang.Object java.lang.invoke.Invokers$Holder.invokeExact_MT(java.lang.Object, java.lang.Object, java.lang.Object, java.lang.Object, java.lang.Object, java.lang.Object, java.lang.Object)'> (0x00000007476e8e28) 
thrown [src/hotspot/share/interpreter/linkResolver.cpp, line 790]
Event: 0.492 Thread 0x000000013480f000 Exception <a 'java/lang/NoSuchMethodError'{0x00000007476ed928}: 'java.lang.Object java.lang.invoke.DirectMethodHandle$Holder.invokeSpecial(java.lang.Object, java.lang.Object, java.lang.Object, java.lang.Object)'> (0x00000007476ed928) 
thrown [src/hotspot/share/interpreter/linkResolver.cpp, line 790]
Event: 0.493 Thread 0x000000013480f000 Exception <a 'java/lang/NoSuchMethodError'{0x0000000747503d28}: 'java.lang.Object java.lang.invoke.DirectMethodHandle$Holder.invokeStatic(java.lang.Object, java.lang.Object, java.lang.Object, java.lang.Object, java.lang.Object)'> (0x0000000747503d28) 
thrown [src/hotspot/share/interpreter/linkResolver.cpp, line 790]
Event: 0.513 Thread 0x0000000135008200 Exception <a 'java/lang/NoSuchMethodError'{0x0000000747679648}: 'void java.lang.invoke.DirectMethodHandle$Holder.invokeStatic(java.lang.Object, java.lang.Object)'> (0x0000000747679648) 
thrown [src/hotspot/share/interpreter/linkResolver.cpp, line 790]
Event: 0.573 Thread 0x000000013480f000 Exception <a 'java/lang/NoSuchMethodError'{0x0000000747535a28}: 'java.lang.Object java.lang.invoke.DirectMethodHandle$Holder.invokeStaticInit(java.lang.Object, java.lang.Object)'> (0x0000000747535a28) 
thrown [src/hotspot/share/interpreter/linkResolver.cpp, line 790]
Event: 0.573 Thread 0x000000013480f000 Exception <a 'java/lang/NoSuchMethodError'{0x000000074753c0f8}: 'java.lang.Object java.lang.invoke.DirectMethodHandle$Holder.invokeInterface(java.lang.Object, java.lang.Object)'> (0x000000074753c0f8) 
thrown [src/hotspot/share/interpreter/linkResolver.cpp, line 790]
Event: 0.573 Thread 0x000000013480f000 Exception <a 'java/lang/NoSuchMethodError'{0x00000007475442d0}: 'java.lang.Object java.lang.invoke.DirectMethodHandle$Holder.invokeStaticInit(java.lang.Object, java.lang.Object, java.lang.Object)'> (0x00000007475442d0) 
thrown [src/hotspot/share/interpreter/linkResolver.cpp, line 790]
Event: 0.574 Thread 0x000000013480f000 Exception <a 'java/lang/NoSuchMethodError'{0x0000000747555960}: 'java.lang.Object java.lang.invoke.DirectMethodHandle$Holder.newInvokeSpecial(java.lang.Object, java.lang.Object, java.lang.Object, java.lang.Object)'> (0x0000000747555960) 
thrown [src/hotspot/share/interpreter/linkResolver.cpp, line 790]
Event: 0.574 Thread 0x000000013480f000 Exception <a 'java/lang/NoSuchMethodError'{0x00000007475598f0}: 'java.lang.Object java.lang.invoke.DirectMethodHandle$Holder.invokeSpecial(java.lang.Object, java.lang.Object, java.lang.Object, java.lang.Object, java.lang.Object)'> (0x00000007475598f0) 
thrown [src/hotspot/share/interpreter/linkResolver.cpp, line 790]
Event: 0.574 Thread 0x000000013480f000 Exception <a 'java/lang/NoSuchMethodError'{0x000000074755cfb8}: 'java.lang.Object java.lang.invoke.Invokers$Holder.linkToTargetMethod(java.lang.Object, java.lang.Object, java.lang.Object, java.lang.Object)'> (0x000000074755cfb8) 
thrown [src/hotspot/share/interpreter/linkResolver.cpp, line 790]
Event: 0.575 Thread 0x000000013480f000 Exception <a 'java/lang/NoSuchMethodError'{0x000000074756aec8}: 'int java.lang.invoke.DirectMethodHandle$Holder.invokeInterface(java.lang.Object, java.lang.Object)'> (0x000000074756aec8) 
thrown [src/hotspot/share/interpreter/linkResolver.cpp, line 790]
Event: 0.576 Thread 0x000000013480f000 Exception <a 'java/lang/IncompatibleClassChangeError'{0x000000074756e380}: Found class java.lang.Object, but interface was expected> (0x000000074756e380) 
thrown [src/hotspot/share/interpreter/linkResolver.cpp, line 857]
Event: 0.585 Thread 0x000000013480f000 Exception <a 'java/lang/NoSuchMethodError'{0x00000007475bf420}: 'java.lang.Object java.lang.invoke.DirectMethodHandle$Holder.invokeSpecial(java.lang.Object, java.lang.Object, long)'> (0x00000007475bf420) 
thrown [src/hotspot/share/interpreter/linkResolver.cpp, line 790]
Event: 0.586 Thread 0x000000013480f000 Exception <a 'java/lang/NoSuchMethodError'{0x00000007475df870}: 'java.lang.Object java.lang.invoke.DirectMethodHandle$Holder.invokeStatic(java.lang.Object, java.lang.Object, java.lang.Object, java.lang.Object, long)'> (0x00000007475df870) 
thrown [src/hotspot/share/interpreter/linkResolver.cpp, line 790]
Event: 0.587 Thread 0x000000013480f000 Exception <a 'java/lang/NoSuchMethodError'{0x000000074740fbd8}: 'java.lang.Object java.lang.invoke.DirectMethodHandle$Holder.invokeStatic(java.lang.Object, java.lang.Object, java.lang.Object, java.lang.Object, java.lang.Object, java.lang.Object, java.lang.Object, java.lang.Object)'> (0x000000074740fbd8) 
thrown [src/hotspot/share/interpreter/linkResolver.cpp, line 790]
Event: 0.590 Thread 0x000000013480f000 Exception <a 'java/lang/NoSuchMethodError'{0x0000000747430288}: 'java.lang.Object java.lang.invoke.Invokers$Holder.linkToTargetMethod(java.lang.Object, java.lang.Object, java.lang.Object)'> (0x0000000747430288) 
thrown [src/hotspot/share/interpreter/linkResolver.cpp, line 790]
Event: 0.592 Thread 0x000000013480f000 Exception <a 'java/lang/NoSuchMethodError'{0x00000007474596d0}: 'java.lang.Object java.lang.invoke.DirectMethodHandle$Holder.invokeStatic(java.lang.Object, long)'> (0x00000007474596d0) 
thrown [src/hotspot/share/interpreter/linkResolver.cpp, line 790]
Event: 0.593 Thread 0x000000013480f000 Exception <a 'java/lang/NoSuchMethodError'{0x000000074747ab20}: 'java.lang.Object java.lang.invoke.Invokers$Holder.linkToTargetMethod(int, java.lang.Object)'> (0x000000074747ab20) 
thrown [src/hotspot/share/interpreter/linkResolver.cpp, line 790]
Event: 0.594 Thread 0x000000013480f000 Exception <a 'java/lang/ClassNotFoundException'{0x0000000747488278}: jdk/internal/platform/CgroupMetrics> (0x0000000747488278) 
thrown [src/hotspot/share/classfile/systemDictionary.cpp, line 256]

Events (20 events):
Event: 0.594 loading class com/sun/jmx/mbeanserver/PerInterface$MethodAndSig
Event: 0.594 loading class com/sun/jmx/mbeanserver/PerInterface$MethodAndSig done
Event: 0.594 loading class java/util/Collections$1
Event: 0.594 loading class java/util/Collections$1 done
Event: 0.594 loading class com/sun/management/internal/OperatingSystemImpl
Event: 0.594 loading class com/sun/management/UnixOperatingSystemMXBean
Event: 0.594 loading class com/sun/management/OperatingSystemMXBean
Event: 0.594 loading class java/lang/management/OperatingSystemMXBean
Event: 0.594 loading class java/lang/management/OperatingSystemMXBean done
Event: 0.594 loading class com/sun/management/OperatingSystemMXBean done
Event: 0.594 loading class com/sun/management/UnixOperatingSystemMXBean done
Event: 0.594 loading class sun/management/BaseOperatingSystemImpl
Event: 0.594 loading class sun/management/BaseOperatingSystemImpl done
Event: 0.594 loading class com/sun/management/internal/OperatingSystemImpl done
Event: 0.594 loading class jdk/internal/platform/Container
Event: 0.594 loading class jdk/internal/platform/Container done
Event: 0.594 loading class jdk/internal/platform/Metrics
Event: 0.594 loading class jdk/internal/platform/Metrics done
Event: 0.594 loading class jdk/internal/platform/CgroupMetrics
Event: 0.594 loading class jdk/internal/platform/CgroupMetrics done


Dynamic libraries:
0x0000000189ddc000 	/usr/lib/libz.1.dylib
0x0000000102c84000 	/Library/Java/JavaVirtualMachines/zulu-16.jdk/Contents/Home/lib/libjli.dylib
0x0000000194309000 	/System/Library/Frameworks/Cocoa.framework/Versions/A/Cocoa
0x000000018221e000 	/System/Library/Frameworks/Security.framework/Versions/A/Security
0x0000000192675000 	/System/Library/Frameworks/ApplicationServices.framework/Versions/A/ApplicationServices
0x0000000189e82000 	/usr/lib/libSystem.B.dylib
0x0000000189e7c000 	/usr/lib/system/libcache.dylib
0x0000000189e3b000 	/usr/lib/system/libcommonCrypto.dylib
0x0000000189e65000 	/usr/lib/system/libcompiler_rt.dylib
0x0000000189e5c000 	/usr/lib/system/libcopyfile.dylib
0x0000000180194000 	/usr/lib/system/libcorecrypto.dylib
0x0000000180234000 	/usr/lib/system/libdispatch.dylib
0x00000001803ed000 	/usr/lib/system/libdyld.dylib
0x0000000189e72000 	/usr/lib/system/libkeymgr.dylib
0x000000018d2a5000 	/usr/lib/system/liblaunch.dylib
0x0000000189e1d000 	/usr/lib/system/libmacho.dylib
0x000000018968f000 	/usr/lib/system/libquarantine.dylib
0x0000000189e6f000 	/usr/lib/system/libremovefile.dylib
0x0000000184c7e000 	/usr/lib/system/libsystem_asl.dylib
0x0000000180142000 	/usr/lib/system/libsystem_blocks.dylib
0x00000001802b6000 	/usr/lib/system/libsystem_c.dylib
0x0000000189e69000 	/usr/lib/system/libsystem_collections.dylib
0x0000000188cc9000 	/usr/lib/system/libsystem_configuration.dylib
0x000000018804b000 	/usr/lib/system/libsystem_containermanager.dylib
0x0000000189bf2000 	/usr/lib/system/libsystem_coreservices.dylib
0x00000001827f7000 	/usr/lib/system/libsystem_darwin.dylib
0x0000000189e73000 	/usr/lib/system/libsystem_dnssd.dylib
0x00000001802b3000 	/usr/lib/system/libsystem_featureflags.dylib
0x0000000180436000 	/usr/lib/system/libsystem_info.dylib
0x0000000189dee000 	/usr/lib/system/libsystem_m.dylib
0x0000000180208000 	/usr/lib/system/libsystem_malloc.dylib
0x0000000184c19000 	/usr/lib/system/libsystem_networkextension.dylib
0x0000000182c3a000 	/usr/lib/system/libsystem_notify.dylib
0x000000018f759000 	/usr/lib/system/libsystem_product_info_filter.dylib
0x0000000188cce000 	/usr/lib/system/libsystem_sandbox.dylib
0x0000000189e6c000 	/usr/lib/system/libsystem_secinit.dylib
0x00000001803ac000 	/usr/lib/system/libsystem_kernel.dylib
0x000000018042f000 	/usr/lib/system/libsystem_platform.dylib
0x00000001803e0000 	/usr/lib/system/libsystem_pthread.dylib
0x00000001861ef000 	/usr/lib/system/libsystem_symptoms.dylib
0x000000018017c000 	/usr/lib/system/libsystem_trace.dylib
0x0000000189e49000 	/usr/lib/system/libunwind.dylib
0x0000000180144000 	/usr/lib/system/libxpc.dylib
0x0000000180394000 	/usr/lib/libc++abi.dylib
0x0000000180279000 	/usr/lib/libobjc.A.dylib
0x0000000189e54000 	/usr/lib/liboah.dylib
0x0000000180338000 	/usr/lib/libc++.1.dylib
0x0000000180462000 	/System/Library/Frameworks/CoreFoundation.framework/Versions/A/CoreFoundation
0x000000018122a000 	/System/Library/Frameworks/Foundation.framework/Versions/C/Foundation
0x0000000182c94000 	/System/Library/Frameworks/AppKit.framework/Versions/C/AppKit
0x0000000185ab8000 	/System/Library/Frameworks/CoreData.framework/Versions/A/CoreData
0x00000001839d6000 	/System/Library/PrivateFrameworks/UIFoundation.framework/Versions/A/UIFoundation
0x000000018f4eb000 	/System/Library/PrivateFrameworks/RemoteViewServices.framework/Versions/A/RemoteViewServices
0x00000001886fc000 	/System/Library/PrivateFrameworks/XCTTargetBootstrap.framework/Versions/A/XCTTargetBootstrap
0x000000018b03c000 	/usr/lib/libspindump.dylib
0x0000000183bfd000 	/System/Library/Frameworks/UniformTypeIdentifiers.framework/Versions/A/UniformTypeIdentifiers
0x0000000186ce4000 	/usr/lib/libapp_launch_measurement.dylib
0x0000000186ce7000 	/System/Library/PrivateFrameworks/CoreAutoLayout.framework/Versions/A/CoreAutoLayout
0x0000000188079000 	/System/Library/Frameworks/Metal.framework/Versions/A/Metal
0x0000000188cd9000 	/usr/lib/liblangid.dylib
0x0000000188700000 	/System/Library/PrivateFrameworks/CoreSVG.framework/Versions/A/CoreSVG
0x0000000184cb0000 	/System/Library/PrivateFrameworks/SkyLight.framework/Versions/A/SkyLight
0x000000018501f000 	/System/Library/Frameworks/CoreGraphics.framework/Versions/A/CoreGraphics
0x000000018fa0b000 	/System/Library/Frameworks/Accelerate.framework/Versions/A/Accelerate
0x000000018aa96000 	/System/Library/PrivateFrameworks/IconServices.framework/Versions/A/IconServices
0x000000018805d000 	/System/Library/Frameworks/IOSurface.framework/Versions/A/IOSurface
0x0000000186387000 	/usr/lib/libDiagnosticMessagesClient.dylib
0x00000001886e4000 	/System/Library/PrivateFrameworks/DFRFoundation.framework/Versions/A/DFRFoundation
0x0000000182585000 	/usr/lib/libicucore.A.dylib
0x000000018c58f000 	/System/Library/Frameworks/AudioToolbox.framework/Versions/A/AudioToolbox
0x000000018b7a2000 	/System/Library/PrivateFrameworks/DataDetectorsCore.framework/Versions/A/DataDetectorsCore
0x0000000184c2b000 	/usr/lib/libMobileGestalt.dylib
0x00000001883d9000 	/System/Library/Frameworks/Carbon.framework/Versions/A/Frameworks/HIToolbox.framework/Versions/A/HIToolbox
0x0000000186782000 	/System/Library/Frameworks/QuartzCore.framework/Versions/A/QuartzCore
0x000000018f523000 	/System/Library/Frameworks/Carbon.framework/Versions/A/Frameworks/SpeechRecognition.framework/Versions/A/SpeechRecognition
0x0000000186a82000 	/System/Library/PrivateFrameworks/CoreUI.framework/Versions/A/CoreUI
0x0000000181c03000 	/System/Library/Frameworks/CoreAudio.framework/Versions/A/CoreAudio
0x0000000186470000 	/System/Library/Frameworks/DiskArbitration.framework/Versions/A/DiskArbitration
0x000000018b3ef000 	/System/Library/PrivateFrameworks/MultitouchSupport.framework/Versions/A/MultitouchSupport
0x000000018b799000 	/System/Library/PrivateFrameworks/InternationalSupport.framework/Versions/A/InternationalSupport
0x0000000184c29000 	/usr/lib/libenergytrace.dylib
0x0000000182b6e000 	/System/Library/Frameworks/IOKit.framework/Versions/A/IOKit
0x000000018f84e000 	/System/Library/Frameworks/CoreServices.framework/Versions/A/CoreServices
0x0000000186c7a000 	/System/Library/PrivateFrameworks/PerformanceAnalysis.framework/Versions/A/PerformanceAnalysis
0x00000001c24a7000 	/System/Library/Frameworks/OpenGL.framework/Versions/A/OpenGL
0x000000018b817000 	/System/Library/PrivateFrameworks/UserActivity.framework/Versions/A/UserActivity
0x000000018560d000 	/System/Library/Frameworks/ColorSync.framework/Versions/A/ColorSync
0x000000018894b000 	/System/Library/Frameworks/CoreImage.framework/Versions/A/CoreImage
0x0000000181a33000 	/System/Library/Frameworks/CoreText.framework/Versions/A/CoreText
0x000000018872b000 	/System/Library/Frameworks/ImageIO.framework/Versions/A/ImageIO
0x0000000189e88000 	/System/Library/PrivateFrameworks/SoftLinking.framework/Versions/A/SoftLinking
0x0000000186d2a000 	/usr/lib/libxml2.2.dylib
0x000000018a108000 	/usr/lib/libcompression.dylib
0x000000018b6e5000 	/System/Library/PrivateFrameworks/TextureIO.framework/Versions/A/TextureIO
0x000000018a7f3000 	/usr/lib/libate.dylib
0x000000018a63c000 	/usr/lib/liblzma.5.dylib
0x0000000180f3f000 	/System/Library/Frameworks/SystemConfiguration.framework/Versions/A/SystemConfiguration
0x0000000189e84000 	/usr/lib/libfakelink.dylib
0x0000000184790000 	/System/Library/Frameworks/CFNetwork.framework/Versions/A/CFNetwork
0x0000000189fce000 	/usr/lib/libarchive.2.dylib
0x0000000180fc7000 	/usr/lib/libCRFSuite.dylib
0x00000001896b9000 	/usr/lib/libbsm.0.dylib
0x0000000184047000 	/usr/lib/libnetwork.dylib
0x0000000189e89000 	/usr/lib/libpcap.A.dylib
0x00000001861e7000 	/usr/lib/libdns_services.dylib
0x000000018a655000 	/usr/lib/libcoretls_cfhelpers.dylib
0x000000018a0d7000 	/usr/lib/libapple_nghttp2.dylib
0x0000000189e23000 	/usr/lib/system/libkxld.dylib
0x0000000185e78000 	/usr/lib/libsqlite3.dylib
0x0000000189bd5000 	/System/Library/PrivateFrameworks/AppleFSCompression.framework/Versions/A/AppleFSCompression
0x00000001896a2000 	/usr/lib/libcoretls.dylib
0x000000018a103000 	/usr/lib/libpam.2.dylib
0x000000018a73c000 	/usr/lib/libxar.1.dylib
0x0000000188cd5000 	/System/Library/PrivateFrameworks/AppleSystemInfo.framework/Versions/A/AppleSystemInfo
0x00000001892f2000 	/System/Library/PrivateFrameworks/IOMobileFramebuffer.framework/Versions/A/IOMobileFramebuffer
0x0000000189be5000 	/usr/lib/libbz2.1.0.dylib
0x0000000189ec5000 	/usr/lib/libiconv.2.dylib
0x0000000189e1c000 	/usr/lib/libcharset.1.dylib
0x0000000186cb3000 	/System/Library/Frameworks/CoreServices.framework/Versions/A/Frameworks/FSEvents.framework/Versions/A/FSEvents
0x0000000182802000 	/System/Library/Frameworks/CoreServices.framework/Versions/A/Frameworks/CarbonCore.framework/Versions/A/CarbonCore
0x00000001863d6000 	/System/Library/Frameworks/CoreServices.framework/Versions/A/Frameworks/Metadata.framework/Versions/A/Metadata
0x0000000189bf7000 	/System/Library/Frameworks/CoreServices.framework/Versions/A/Frameworks/OSServices.framework/Versions/A/OSServices
0x000000018a03f000 	/System/Library/Frameworks/CoreServices.framework/Versions/A/Frameworks/SearchKit.framework/Versions/A/SearchKit
0x0000000186173000 	/System/Library/Frameworks/CoreServices.framework/Versions/A/Frameworks/AE.framework/Versions/A/AE
0x0000000180911000 	/System/Library/Frameworks/CoreServices.framework/Versions/A/Frameworks/LaunchServices.framework/Versions/A/LaunchServices
0x000000018a5e9000 	/System/Library/Frameworks/CoreServices.framework/Versions/A/Frameworks/DictionaryServices.framework/Versions/A/DictionaryServices
0x0000000186cc0000 	/System/Library/Frameworks/CoreServices.framework/Versions/A/Frameworks/SharedFileList.framework/Versions/A/SharedFileList
0x0000000189692000 	/usr/lib/libCheckFix.dylib
0x0000000184c96000 	/System/Library/PrivateFrameworks/TCC.framework/Versions/A/TCC
0x0000000188cdb000 	/System/Library/PrivateFrameworks/CoreNLP.framework/Versions/A/CoreNLP
0x000000018638a000 	/System/Library/PrivateFrameworks/MetadataUtilities.framework/Versions/A/MetadataUtilities
0x0000000180ffb000 	/usr/lib/libmecabra.dylib
0x0000000189978000 	/System/Library/Frameworks/MLCompute.framework/Versions/A/MLCompute
0x00000001896ca000 	/usr/lib/libmecab.dylib
0x0000000189710000 	/usr/lib/libgermantok.dylib
0x000000018a0b0000 	/usr/lib/libThaiTokenizer.dylib
0x000000018a778000 	/usr/lib/libChineseTokenizer.dylib
0x000000018a101000 	/System/Library/Frameworks/MetalPerformanceShaders.framework/Versions/A/MetalPerformanceShaders
0x0000000186477000 	/System/Library/Frameworks/Accelerate.framework/Versions/A/Frameworks/vImage.framework/Versions/A/vImage
0x000000018f82c000 	/System/Library/Frameworks/Accelerate.framework/Versions/A/Frameworks/vecLib.framework/Versions/A/vecLib
0x000000018a783000 	/System/Library/Frameworks/Accelerate.framework/Versions/A/Frameworks/vecLib.framework/Versions/A/libvMisc.dylib
0x0000000189230000 	/System/Library/Frameworks/Accelerate.framework/Versions/A/Frameworks/vecLib.framework/Versions/A/libvDSP.dylib
0x0000000180c25000 	/System/Library/Frameworks/Accelerate.framework/Versions/A/Frameworks/vecLib.framework/Versions/A/libBLAS.dylib
0x000000018a12c000 	/System/Library/Frameworks/Accelerate.framework/Versions/A/Frameworks/vecLib.framework/Versions/A/libLAPACK.dylib
0x0000000189715000 	/System/Library/Frameworks/Accelerate.framework/Versions/A/Frameworks/vecLib.framework/Versions/A/libLinearAlgebra.dylib
0x000000018a0ee000 	/System/Library/Frameworks/Accelerate.framework/Versions/A/Frameworks/vecLib.framework/Versions/A/libSparseBLAS.dylib
0x000000018a127000 	/System/Library/Frameworks/Accelerate.framework/Versions/A/Frameworks/vecLib.framework/Versions/A/libQuadrature.dylib
0x0000000188d71000 	/System/Library/Frameworks/Accelerate.framework/Versions/A/Frameworks/vecLib.framework/Versions/A/libBNNS.dylib
0x0000000180edb000 	/System/Library/Frameworks/Accelerate.framework/Versions/A/Frameworks/vecLib.framework/Versions/A/libSparse.dylib
0x0000000188c64000 	/System/Library/Frameworks/MetalPerformanceShaders.framework/Versions/A/Frameworks/MPSCore.framework/Versions/A/MPSCore
0x0000000189b4d000 	/System/Library/Frameworks/MetalPerformanceShaders.framework/Versions/A/Frameworks/MPSImage.framework/Versions/A/MPSImage
0x000000018972a000 	/System/Library/Frameworks/MetalPerformanceShaders.framework/Versions/A/Frameworks/MPSNeuralNetwork.framework/Versions/A/MPSNeuralNetwork
0x0000000189acb000 	/System/Library/Frameworks/MetalPerformanceShaders.framework/Versions/A/Frameworks/MPSMatrix.framework/Versions/A/MPSMatrix
0x000000018992e000 	/System/Library/Frameworks/MetalPerformanceShaders.framework/Versions/A/Frameworks/MPSRayIntersector.framework/Versions/A/MPSRayIntersector
0x0000000189afa000 	/System/Library/Frameworks/MetalPerformanceShaders.framework/Versions/A/Frameworks/MPSNDArray.framework/Versions/A/MPSNDArray
0x0000000180b4a000 	/System/Library/PrivateFrameworks/MetalTools.framework/Versions/A/MetalTools
0x0000000188cd3000 	/System/Library/PrivateFrameworks/AggregateDictionary.framework/Versions/A/AggregateDictionary
0x0000000186354000 	/System/Library/PrivateFrameworks/CoreAnalytics.framework/Versions/A/CoreAnalytics
0x000000018a0b2000 	/System/Library/PrivateFrameworks/AppleSauce.framework/Versions/A/AppleSauce
0x000000018806f000 	/System/Library/PrivateFrameworks/IOAccelerator.framework/Versions/A/IOAccelerator
0x00000001c249a000 	/System/Library/Frameworks/OpenGL.framework/Versions/A/Libraries/libCoreFSCache.dylib
0x00000001815b7000 	/System/Library/PrivateFrameworks/LanguageModeling.framework/Versions/A/LanguageModeling
0x00000001892df000 	/System/Library/PrivateFrameworks/CoreEmoji.framework/Versions/A/CoreEmoji
0x0000000188d69000 	/System/Library/PrivateFrameworks/LinguisticData.framework/Versions/A/LinguisticData
0x0000000180e90000 	/System/Library/PrivateFrameworks/Lexicon.framework/Versions/A/Lexicon
0x0000000189fbb000 	/usr/lib/libcmph.dylib
0x0000000186c93000 	/System/Library/Frameworks/OpenDirectory.framework/Versions/A/Frameworks/CFOpenDirectory.framework/Versions/A/CFOpenDirectory
0x0000000186c85000 	/System/Library/Frameworks/OpenDirectory.framework/Versions/A/OpenDirectory
0x000000018a657000 	/System/Library/PrivateFrameworks/APFS.framework/Versions/A/APFS
0x00000001895fb000 	/System/Library/Frameworks/SecurityFoundation.framework/Versions/A/SecurityFoundation
0x000000018a74a000 	/usr/lib/libutil.dylib
0x0000000182b32000 	/System/Library/PrivateFrameworks/CoreServicesStore.framework/Versions/A/CoreServicesStore
0x0000000189689000 	/System/Library/Frameworks/ServiceManagement.framework/Versions/A/ServiceManagement
0x000000018a74e000 	/usr/lib/libxslt.1.dylib
0x000000018967f000 	/System/Library/PrivateFrameworks/BackgroundTaskManagement.framework/Versions/A/BackgroundTaskManagement
0x000000018b634000 	/System/Library/Frameworks/ImageIO.framework/Versions/A/Resources/libRadiance.dylib
0x000000018b63d000 	/System/Library/Frameworks/ImageIO.framework/Versions/A/Resources/libJPEG.dylib
0x000000018b58c000 	/System/Library/Frameworks/ImageIO.framework/Versions/A/Resources/libPng.dylib
0x000000018b5b3000 	/System/Library/Frameworks/ImageIO.framework/Versions/A/Resources/libTIFF.dylib
0x000000018b68e000 	/System/Library/Frameworks/ImageIO.framework/Versions/A/Resources/libGIF.dylib
0x000000018b309000 	/System/Library/Frameworks/ImageIO.framework/Versions/A/Resources/libJP2.dylib
0x000000018aa60000 	/usr/lib/libexpat.1.dylib
0x000000018b2c5000 	/System/Library/PrivateFrameworks/AppleJPEG.framework/Versions/A/AppleJPEG
0x0000000188280000 	/System/Library/PrivateFrameworks/FontServices.framework/libFontParser.dylib
0x0000000186125000 	/System/Library/PrivateFrameworks/RunningBoardServices.framework/Versions/A/RunningBoardServices
0x0000000194840000 	/System/Library/PrivateFrameworks/IOSurfaceAccelerator.framework/Versions/A/IOSurfaceAccelerator
0x000000018b3eb000 	/System/Library/PrivateFrameworks/WatchdogClient.framework/Versions/A/WatchdogClient
0x00000001816a7000 	/System/Library/Frameworks/CoreDisplay.framework/Versions/A/CoreDisplay
0x0000000188188000 	/System/Library/Frameworks/CoreMedia.framework/Versions/A/CoreMedia
0x0000000186e17000 	/System/Library/Frameworks/CoreVideo.framework/Versions/A/CoreVideo
0x000000018b428000 	/System/Library/Frameworks/VideoToolbox.framework/Versions/A/VideoToolbox
0x00000001860a2000 	/System/Library/PrivateFrameworks/BaseBoard.framework/Versions/A/BaseBoard
0x000000018ab9d000 	/System/Library/PrivateFrameworks/PersistentConnection.framework/Versions/A/PersistentConnection
0x0000000185e61000 	/System/Library/PrivateFrameworks/ProtocolBuffer.framework/Versions/A/ProtocolBuffer
0x000000018608b000 	/System/Library/PrivateFrameworks/CommonUtilities.framework/Versions/A/CommonUtilities
0x000000018b28a000 	/System/Library/PrivateFrameworks/Bom.framework/Versions/A/Bom
0x000000018b62f000 	/System/Library/PrivateFrameworks/GPUWrangler.framework/Versions/A/GPUWrangler
0x000000018b610000 	/System/Library/PrivateFrameworks/IOPresentment.framework/Versions/A/IOPresentment
0x000000018b637000 	/System/Library/PrivateFrameworks/DSExternalDisplay.framework/Versions/A/DSExternalDisplay
0x000000018b693000 	/System/Library/PrivateFrameworks/CMCaptureCore.framework/Versions/A/CMCaptureCore
0x000000018b025000 	/System/Library/PrivateFrameworks/AppServerSupport.framework/Versions/A/AppServerSupport
0x000000018d05f000 	/System/Library/PrivateFrameworks/perfdata.framework/Versions/A/perfdata
0x00000001895eb000 	/System/Library/PrivateFrameworks/AssertionServices.framework/Versions/A/AssertionServices
0x00000001817ca000 	/System/Library/PrivateFrameworks/AudioToolboxCore.framework/Versions/A/AudioToolboxCore
0x0000000188168000 	/System/Library/PrivateFrameworks/caulk.framework/Versions/A/caulk
0x000000019be8d000 	/System/Library/PrivateFrameworks/SystemPolicy.framework/Versions/A/SystemPolicy
0x000000018a885000 	/usr/lib/libIOReport.dylib
0x000000018c8fb000 	/usr/lib/libSMC.dylib
0x000000018b559000 	/usr/lib/libAudioToolboxUtility.dylib
0x000000019c81a000 	/usr/lib/libmis.dylib
0x00000001c24fc000 	/System/Library/Frameworks/OpenGL.framework/Versions/A/Libraries/libGLU.dylib
0x00000001c24ba000 	/System/Library/Frameworks/OpenGL.framework/Versions/A/Libraries/libGFXShared.dylib
0x00000001c26a2000 	/System/Library/Frameworks/OpenGL.framework/Versions/A/Libraries/libGL.dylib
0x00000001c24c3000 	/System/Library/Frameworks/OpenGL.framework/Versions/A/Libraries/libGLImage.dylib
0x00000001c24b7000 	/System/Library/Frameworks/OpenGL.framework/Versions/A/Libraries/libCVMSPluginSupport.dylib
0x00000001c24a1000 	/System/Library/Frameworks/OpenGL.framework/Versions/A/Libraries/libCoreVMClient.dylib
0x000000019337a000 	/System/Library/PrivateFrameworks/ASEProcessing.framework/Versions/A/ASEProcessing
0x000000018abc4000 	/System/Library/PrivateFrameworks/GraphVisualizer.framework/Versions/A/GraphVisualizer
0x000000018abd2000 	/System/Library/PrivateFrameworks/FaceCore.framework/Versions/A/FaceCore
0x000000018afe5000 	/System/Library/PrivateFrameworks/OTSVG.framework/Versions/A/OTSVG
0x0000000186a40000 	/System/Library/Frameworks/ApplicationServices.framework/Versions/A/Frameworks/ATS.framework/Versions/A/Resources/libFontRegistry.dylib
0x000000018b02d000 	/System/Library/PrivateFrameworks/FontServices.framework/libhvf.dylib
0x00000001c283d000 	/System/Library/Frameworks/OpenCL.framework/Versions/A/OpenCL
0x000000018aa14000 	/System/Library/PrivateFrameworks/AppleVA.framework/Versions/A/AppleVA
0x000000018c747000 	/System/Library/Frameworks/ApplicationServices.framework/Versions/A/Frameworks/ATS.framework/Versions/A/ATS
0x000000018ca5a000 	/System/Library/Frameworks/ApplicationServices.framework/Versions/A/Frameworks/ColorSyncLegacy.framework/Versions/A/ColorSyncLegacy
0x0000000185703000 	/System/Library/Frameworks/ApplicationServices.framework/Versions/A/Frameworks/HIServices.framework/Versions/A/HIServices
0x000000018ca39000 	/System/Library/Frameworks/ApplicationServices.framework/Versions/A/Frameworks/LangAnalysis.framework/Versions/A/LangAnalysis
0x000000018b69d000 	/System/Library/Frameworks/ApplicationServices.framework/Versions/A/Frameworks/PrintCore.framework/Versions/A/PrintCore
0x000000018ca62000 	/System/Library/Frameworks/ApplicationServices.framework/Versions/A/Frameworks/QD.framework/Versions/A/QD
0x000000018c733000 	/System/Library/Frameworks/ApplicationServices.framework/Versions/A/Frameworks/SpeechSynthesis.framework/Versions/A/SpeechSynthesis
0x000000018b65e000 	/System/Library/Frameworks/ApplicationServices.framework/Versions/A/Frameworks/ATSUI.framework/Versions/A/ATSUI
0x000000018c9db000 	/usr/lib/libcups.2.dylib
0x000000018ca4d000 	/System/Library/PrivateFrameworks/NetAuth.framework/Versions/A/NetAuth
0x000000018d079000 	/System/Library/Frameworks/Kerberos.framework/Versions/A/Kerberos
0x000000018d08a000 	/System/Library/Frameworks/GSS.framework/Versions/A/GSS
0x000000018c7b6000 	/usr/lib/libresolv.9.dylib
0x000000018b043000 	/System/Library/PrivateFrameworks/Heimdal.framework/Versions/A/Heimdal
0x0000000192965000 	/System/Library/Frameworks/Kerberos.framework/Versions/A/Libraries/libHeimdalProxy.dylib
0x00000001861f7000 	/System/Library/Frameworks/Network.framework/Versions/A/Network
0x000000018aa7a000 	/usr/lib/libheimdal-asn1.dylib
0x000000018d0d2000 	/System/Library/PrivateFrameworks/CommonAuth.framework/Versions/A/CommonAuth
0x0000000186e6b000 	/System/Library/PrivateFrameworks/login.framework/Versions/A/Frameworks/loginsupport.framework/Versions/A/loginsupport
0x000000018c6b8000 	/System/Library/PrivateFrameworks/AudioSession.framework/Versions/A/AudioSession
0x000000018c720000 	/usr/lib/libAudioStatistics.dylib
0x000000018aafa000 	/System/Library/PrivateFrameworks/MediaExperience.framework/Versions/A/MediaExperience
0x000000018c559000 	/System/Library/PrivateFrameworks/AudioSession.framework/libSessionUtility.dylib
0x000000018d06b000 	/usr/lib/libperfcheck.dylib
0x000000018ca6e000 	/System/Library/PrivateFrameworks/AudioResourceArbitration.framework/Versions/A/AudioResourceArbitration
0x000000018aa83000 	/System/Library/PrivateFrameworks/IconFoundation.framework/Versions/A/IconFoundation
0x000000018f513000 	/System/Library/PrivateFrameworks/SpeechRecognitionCore.framework/Versions/A/SpeechRecognitionCore
0x0000000107000000 	/Library/Java/JavaVirtualMachines/zulu-16.jdk/Contents/Home/lib/server/libjvm.dylib
0x0000000102ce0000 	/Library/Java/JavaVirtualMachines/zulu-16.jdk/Contents/Home/lib/libjimage.dylib
0x0000000102cfc000 	/Library/Java/JavaVirtualMachines/zulu-16.jdk/Contents/Home/lib/libinstrument.dylib
0x0000000102e2c000 	/Library/Java/JavaVirtualMachines/zulu-16.jdk/Contents/Home/lib/libjava.dylib
0x0000000102f24000 	/Library/Java/JavaVirtualMachines/zulu-16.jdk/Contents/Home/lib/libzip.dylib
0x0000000102f3c000 	/Library/Java/JavaVirtualMachines/zulu-16.jdk/Contents/Home/lib/libnio.dylib
0x0000000102f5c000 	/Library/Java/JavaVirtualMachines/zulu-16.jdk/Contents/Home/lib/libnet.dylib
0x0000000102f80000 	/Library/Java/JavaVirtualMachines/zulu-16.jdk/Contents/Home/lib/libextnet.dylib
0x0000000102f94000 	/Library/Java/JavaVirtualMachines/zulu-16.jdk/Contents/Home/lib/libmanagement.dylib
0x0000000102fa8000 	/Library/Java/JavaVirtualMachines/zulu-16.jdk/Contents/Home/lib/libmanagement_ext.dylib


VM Arguments:
jvm_args: -XX:TieredStopAtLevel=1 -Xverify:none -Dspring.output.ansi.enabled=always -javaagent:/Applications/IntelliJ IDEA.app/Contents/lib/idea_rt.jar=59160:/Applications/IntelliJ IDEA.app/Contents/bin -Dcom.sun.management.jmxremote -Dspring.jmx.enabled=true -Dspring.liveBeansView.mbeanDomain -Dspring.application.admin.enabled=true -Dfile.encoding=UTF-8 
java_command: com.codeup.capstonestarter.CapstoneStarterApplication
java_class_path (initial): /Users/mosesrodriguez/IdeaProjects/triphub/target/classes:/Users/mosesrodriguez/Library/Application Support/JetBrains/IntelliJIdea2021.1/javascript/extLibs/http_ajax.googleapis.com_ajax_libs_jquery_1.11.1_jquery.js:/Users/mosesrodriguez/Library/Application Support/JetBrains/IntelliJIdea2021.1/javascript/extLibs/http_api.mapbox.com_mapbox-gl-js_plugins_mapbox-gl-geocoder_v4.7.0_mapbox-gl-geocoder.css:/Users/mosesrodriguez/Library/Application Support/JetBrains/IntelliJIdea2021.1/javascript/extLibs/http_api.mapbox.com_mapbox-gl-js_plugins_mapbox-gl-geocoder_v4.7.0_mapbox-gl-geocoder.min.js:/Users/mosesrodriguez/Library/Application Support/JetBrains/IntelliJIdea2021.1/javascript/extLibs/http_api.mapbox.com_mapbox-gl-js_v2.3.0_mapbox-gl.css:/Users/mosesrodriguez/Library/Application Support/JetBrains/IntelliJIdea2021.1/javascript/extLibs/http_api.mapbox.com_mapbox-gl-js_v2.3.0_mapbox-gl.js:/Users/mosesrodriguez/Library/Application Support/JetBrains/IntelliJIdea2021.1/javascript/extLibs/http_cdn.jsdelivr.net_npm_bootstrap@5.0.2_dist_js_bootstrap.js:/Users/mosesrodriguez/Library/Application Support/JetBrains/IntelliJIdea2021.1/javascript/extLibs/http_cdn.jsdelivr.net_npm_bootstrap@5.1.1_dist_css_bootstrap.css:/Users/mosesrodriguez/Library/Application Support/JetBrains/IntelliJIdea2021.1/javascript/extLibs/http_stackpath.bootstrapcdn.com_bootstrap_4.3.1_css_bootstrap.css:/Users/mosesrodriguez/Library/Application Support/JetBrains/IntelliJIdea2021.1/javascript/extLibs/http_stackpath.bootstrapcdn.com_bootstrap_4.3.1_js_bootstrap.js:/Users/mosesrodriguez/Library/Application Support/JetBrains/IntelliJIdea2021.1/javascript/extLibs/http_code.jquery.com_jquery-3.6.0.js:/Users/mosesrodriguez/Library/Application Support/JetBrains/IntelliJIdea2021.1/javascript/extLibs/http_cdnjs.cloudflare.com_ajax_libs_popper.js_1.14.7_umd_popper.js:/Users/mosesrodriguez/Library/Application Support/JetBrains/IntelliJIdea2021.1/javascript/extLibs/http_use.fontawesome.com_r
Launcher Type: SUN_STANDARD

[Global flags]
     intx CICompilerCount                          = 4                                         {product} {ergonomic}
     uint ConcGCThreads                            = 2                                         {product} {ergonomic}
     uint G1ConcRefinementThreads                  = 8                                         {product} {ergonomic}
   size_t G1HeapRegionSize                         = 1048576                                   {product} {ergonomic}
    uintx GCDrainStackTargetSize                   = 64                                        {product} {ergonomic}
   size_t InitialHeapSize                          = 134217728                                 {product} {ergonomic}
     bool ManagementServer                         = true                                      {product} {command line}
   size_t MarkStackSize                            = 4194304                                   {product} {ergonomic}
   size_t MaxHeapSize                              = 2147483648                                {product} {ergonomic}
   size_t MaxNewSize                               = 1287651328                                {product} {ergonomic}
   size_t MinHeapDeltaBytes                        = 1048576                                   {product} {ergonomic}
   size_t MinHeapSize                              = 8388608                                   {product} {ergonomic}
    uintx NonNMethodCodeHeapSize                   = 7549744                                {pd product} {ergonomic}
    uintx NonProfiledCodeHeapSize                  = 244108496                              {pd product} {ergonomic}
    uintx ProfiledCodeHeapSize                     = 0                                      {pd product} {ergonomic}
    uintx ReservedCodeCacheSize                    = 251658240                              {pd product} {ergonomic}
     bool SegmentedCodeCache                       = true                                      {product} {ergonomic}
   size_t SoftMaxHeapSize                          = 2147483648                             {manageable} {ergonomic}
     intx TieredStopAtLevel                        = 1                                         {product} {command line}
     bool UseCompressedClassPointers               = true                           {product lp64_product} {ergonomic}
     bool UseCompressedOops                        = true                           {product lp64_product} {ergonomic}
     bool UseG1GC                                  = true                                      {product} {ergonomic}
     bool UseNUMA                                  = false                                     {product} {ergonomic}
     bool UseNUMAInterleaving                      = false                                     {product} {ergonomic}

Logging:
Log output configuration:
 #0: stdout all=warning uptime,level,tags
 #1: stderr all=off uptime,level,tags

Environment Variables:
PATH=/opt/homebrew/bin:/usr/local/bin:/usr/bin:/bin:/usr/sbin:/sbin
SHELL=/bin/zsh
LC_CTYPE=en_US.UTF-8

Signal Handlers:
SIGSEGV: [libjvm.dylib+0x9ace24], sa_mask[0]=11100110000111110111111111111111, sa_flags=SA_ONSTACK|SA_RESTART|SA_SIGINFO
SIGBUS: [libjvm.dylib+0x9ace24], sa_mask[0]=11100110000111110111111111111111, sa_flags=SA_RESTART|SA_SIGINFO
SIGFPE: [libjvm.dylib+0x9ace24], sa_mask[0]=11100110000111110111111111111111, sa_flags=SA_RESTART|SA_SIGINFO
SIGPIPE: [libjvm.dylib+0x896640], sa_mask[0]=11100110000111110111111111111111, sa_flags=SA_RESTART|SA_SIGINFO
SIGXFSZ: [libjvm.dylib+0x896640], sa_mask[0]=11100110000111110111111111111111, sa_flags=SA_RESTART|SA_SIGINFO
SIGILL: [libjvm.dylib+0x9ace24], sa_mask[0]=11100110000111110111111111111111, sa_flags=SA_RESTART|SA_SIGINFO
SIGUSR2: [libjvm.dylib+0x897078], sa_mask[0]=00100000000000000000000000000000, sa_flags=SA_RESTART|SA_SIGINFO
SIGHUP: [libjvm.dylib+0x8956f0], sa_mask[0]=11100110000111110111111111111111, sa_flags=SA_RESTART|SA_SIGINFO
SIGINT: [libjvm.dylib+0x8956f0], sa_mask[0]=11100110000111110111111111111111, sa_flags=SA_RESTART|SA_SIGINFO
SIGTERM: [libjvm.dylib+0x8956f0], sa_mask[0]=11100110000111110111111111111111, sa_flags=SA_RESTART|SA_SIGINFO
SIGQUIT: [libjvm.dylib+0x8956f0], sa_mask[0]=11100110000111110111111111111111, sa_flags=SA_RESTART|SA_SIGINFO
SIGTRAP: [libjvm.dylib+0x9ace24], sa_mask[0]=11100110000111110111111111111111, sa_flags=SA_RESTART|SA_SIGINFO


---------------  S Y S T E M  ---------------

OS:uname: Darwin 20.6.0 Darwin Kernel Version 20.6.0: Wed Jun 23 00:26:27 PDT 2021; root:xnu-7195.141.2~5/RELEASE_ARM64_T8101 arm64
OS uptime: 17 days 16:12 hours
rlimit (soft/hard): STACK 8176k/65520k , CORE 0k/infinity , NPROC 1333/2000 , NOFILE 10240/infinity , AS infinity/infinity , CPU infinity/infinity , DATA infinity/infinity , FSIZE infinity/infinity , MEMLOCK infinity/infinity , RSS infinity/infinity
load average: 2.46 2.57 2.34

CPU: total 8 (initial active 8) 0x61:0x0:0x1b588bb3:0, simd, crc, lse

Memory: 16k page, physical 8388608k(99120k free), swap 4194304k(962816k free)

vm_info: OpenJDK 64-Bit Server VM (16+36) for bsd-aarch64 JRE (16+36) (Zulu16.28+11-CA), built on Mar  9 2021 03:14:09 by "zulu_re" with clang Apple LLVM 12.0.0 (clang-1200.0.32.28)

END.
